<?xml version="1.0" encoding="UTF-8"?>
<testsuites name="Mocha Tests" time="13.054" tests="2" failures="1">
  <testsuite name="Root Suite" timestamp="2023-05-20T13:06:45" tests="0" file="cypress/e2e/webdriver-uni/radio-button.js" time="0.000" failures="0">
  </testsuite>
  <testsuite name="Verify radio buttons via webdriveruni" timestamp="2023-05-20T13:06:45" tests="2" time="13.037" failures="1">
    <testcase name="Verify radio buttons via webdriveruni Check specific radio buttons" time="2.742" classname="Check specific radio buttons">
    </testcase>
    <testcase name="Verify radio buttons via webdriveruni Validate a state of specific radio buttons" time="0.000" classname="Validate a state of specific radio buttons">
      <failure message="Timed out retrying after 10000ms: Expected to find element: `[value=&apos;lettuce&apos;]`, but never found it." type="AssertionError"><![CDATA[AssertionError: Timed out retrying after 10000ms: Expected to find element: `[value='lettuce']`, but never found it.
    at Context.eval (webpack:///./cypress/e2e/webdriver-uni/radio-button.js:18:36)]]></failure>
    </testcase>
  </testsuite>
</testsuites>